[debug] [2021-07-18T00:37:43.843Z] ----------------------------------------------------------------------
[debug] [2021-07-18T00:37:43.844Z] Command:       C:\Program Files\nodejs\node.exe C:\Users\mambe\AppData\Roaming\npm\node_modules\firebase-tools\lib\bin\firebase.js init
[debug] [2021-07-18T00:37:43.845Z] CLI Version:   9.13.1
[debug] [2021-07-18T00:37:43.845Z] Platform:      win32
[debug] [2021-07-18T00:37:43.845Z] Node Version:  v14.15.1
[debug] [2021-07-18T00:37:43.846Z] Time:          Sat Jul 17 2021 21:37:43 GMT-0300 (Horário Padrão de Brasília)
[debug] [2021-07-18T00:37:43.846Z] ----------------------------------------------------------------------
[debug] 
[debug] [2021-07-18T00:37:43.856Z] > command requires scopes: ["email","openid","https://www.googleapis.com/auth/cloudplatformprojects.readonly","https://www.googleapis.com/auth/firebase","https://www.googleapis.com/auth/cloud-platform"]
[debug] [2021-07-18T00:37:43.856Z] > authorizing via signed-in user (rafaelmaggot64@gmail.com)
[info] 
     ######## #### ########  ######## ########     ###     ######  ########
     ##        ##  ##     ## ##       ##     ##  ##   ##  ##       ##
     ######    ##  ########  ######   ########  #########  ######  ######
     ##        ##  ##    ##  ##       ##     ## ##     ##       ## ##
     ##       #### ##     ## ######## ########  ##     ##  ######  ########

You're about to initialize a Firebase project in this directory:

  C:\Users\mambe\OneDrive\Desktop\desafio-criptonomia

Before we get started, keep in mind:

  * You are initializing within an existing Firebase project directory

[info] 
=== Project Setup
[info] 
[info] First, let's associate this project directory with a Firebase project.
[info] You can create multiple project aliases by running firebase use --add, 
[info] but for now we'll just set up a default project.
[info] 
[info] i  .firebaserc already has a default project, using teste-criptonomia. 
[debug] [2021-07-18T00:37:57.830Z] > refreshing access token with scopes: []
[debug] [2021-07-18T00:37:57.830Z] >>> HTTP REQUEST POST https://www.googleapis.com/oauth2/v3/token  
 <request body omitted>
[debug] [2021-07-18T00:37:58.165Z] <<< HTTP RESPONSE 200 {"cache-control":"no-cache, no-store, max-age=0, must-revalidate","expires":"Mon, 01 Jan 1990 00:00:00 GMT","date":"Sun, 18 Jul 2021 00:37:57 GMT","pragma":"no-cache","content-type":"application/json; charset=utf-8","vary":"X-Origin, Referer, Origin,Accept-Encoding","server":"scaffolding on HTTPServer2","x-xss-protection":"0","x-frame-options":"SAMEORIGIN","x-content-type-options":"nosniff","alt-svc":"h3=\":443\"; ma=2592000,h3-29=\":443\"; ma=2592000,h3-T051=\":443\"; ma=2592000,h3-Q050=\":443\"; ma=2592000,h3-Q046=\":443\"; ma=2592000,h3-Q043=\":443\"; ma=2592000,quic=\":443\"; ma=2592000; v=\"46,43\"","accept-ranges":"none","transfer-encoding":"chunked"}
[debug] [2021-07-18T00:37:58.189Z] >>> [apiv2][query] GET https://firebase.googleapis.com/v1beta1/projects/teste-criptonomia [none]
[debug] [2021-07-18T00:37:59.367Z] <<< [apiv2][status] GET https://firebase.googleapis.com/v1beta1/projects/teste-criptonomia 200
[debug] [2021-07-18T00:37:59.368Z] <<< [apiv2][body] GET https://firebase.googleapis.com/v1beta1/projects/teste-criptonomia {"projectId":"teste-criptonomia","projectNumber":"527606629962","displayName":"Teste Criptonomia","name":"projects/teste-criptonomia","resources":{"hostingSite":"teste-criptonomia"},"state":"ACTIVE"}
[info] 
=== Hosting:github Setup
[info] 
[info] i  Detected a .git folder at C:\Users\mambe\OneDrive\Desktop\desafio-criptonomia 
[info] i  Authorizing with GitHub to upload your service account to a GitHub repository's secrets store. 
[info] 
[info] Visit this URL on this device to log in:
[info] https://github.com/login/oauth/authorize?client_id=89cf50f02ac6aaed3484&state=679317632&redirect_uri=http%3A%2F%2Flocalhost%3A9005&scope=read%3Auser%20repo%20public_repo
[info] 
[info] Waiting for authentication...
[debug] [2021-07-18T00:38:00.316Z] >>> HTTP REQUEST POST https://github.com/login/oauth/access_token  
 {"client_id":"89cf50f02ac6aaed3484","client_secret":"3330d14abc895d9a74d5f17cd7a00711fa2c5bf0","code":"7821d7d69dcb59cd6cc1","redirect_uri":"http://localhost:9005","state":"679317632"}
[debug] [2021-07-18T00:38:01.002Z] <<< HTTP RESPONSE 200 {"server":"GitHub.com","date":"Sun, 18 Jul 2021 00:38:00 GMT","content-type":"application/json; charset=utf-8","transfer-encoding":"chunked","vary":"X-PJAX, Accept-Encoding, Accept, X-Requested-With","permissions-policy":"interest-cohort=()","etag":"W/\"861e2f674d201f0705ebbe13e021d165\"","cache-control":"max-age=0, private, must-revalidate","strict-transport-security":"max-age=31536000; includeSubdomains; preload","x-frame-options":"deny","x-content-type-options":"nosniff","x-xss-protection":"0","referrer-policy":"origin-when-cross-origin, strict-origin-when-cross-origin","expect-ct":"max-age=2592000, report-uri=\"https://api.github.com/_private/browser/errors\"","content-security-policy":"default-src 'none'; base-uri 'self'; block-all-mixed-content; connect-src 'self' uploads.github.com www.githubstatus.com collector.githubapp.com api.github.com github-cloud.s3.amazonaws.com github-production-repository-file-5c1aeb.s3.amazonaws.com github-production-upload-manifest-file-7fdce7.s3.amazonaws.com github-production-user-asset-6210df.s3.amazonaws.com cdn.optimizely.com logx.optimizely.com/v1/events translator.github.com wss://alive.github.com; font-src github.githubassets.com; form-action 'self' github.com gist.github.com; frame-ancestors 'none'; frame-src render.githubusercontent.com render-temp.githubusercontent.com viewscreen.githubusercontent.com; img-src 'self' data: github.githubassets.com identicons.github.com collector.githubapp.com github-cloud.s3.amazonaws.com secured-user-images.githubusercontent.com/ *.githubusercontent.com; manifest-src 'self'; media-src 'none'; script-src github.githubassets.com; style-src 'unsafe-inline' github.githubassets.com; worker-src github.com/socket-worker-3f088aa2.js gist.github.com/socket-worker-3f088aa2.js","x-github-request-id":"C46E:0D72:57BE5E:9221BB:60F377E8"}
[debug] [2021-07-18T00:38:01.008Z] >>> [apiv2][query] GET https://api.github.com/user [none]
[debug] [2021-07-18T00:38:01.778Z] <<< [apiv2][status] GET https://api.github.com/user 200
[debug] [2021-07-18T00:38:01.778Z] <<< [apiv2][body] GET https://api.github.com/user {"login":"rafaelramos64","id":39920015,"node_id":"MDQ6VXNlcjM5OTIwMDE1","avatar_url":"https://avatars.githubusercontent.com/u/39920015?v=4","gravatar_id":"","url":"https://api.github.com/users/rafaelramos64","html_url":"https://github.com/rafaelramos64","followers_url":"https://api.github.com/users/rafaelramos64/followers","following_url":"https://api.github.com/users/rafaelramos64/following{/other_user}","gists_url":"https://api.github.com/users/rafaelramos64/gists{/gist_id}","starred_url":"https://api.github.com/users/rafaelramos64/starred{/owner}{/repo}","subscriptions_url":"https://api.github.com/users/rafaelramos64/subscriptions","organizations_url":"https://api.github.com/users/rafaelramos64/orgs","repos_url":"https://api.github.com/users/rafaelramos64/repos","events_url":"https://api.github.com/users/rafaelramos64/events{/privacy}","received_events_url":"https://api.github.com/users/rafaelramos64/received_events","type":"User","site_admin":false,"name":"Rafael Ramos","company":null,"blog":"rafaelramos64.github.io","location":"Picos- PI","email":null,"hireable":null,"bio":"Rafael Ramos, graduando em Análise e Desenvolvimento de Sistemas (ADS) pelo Instituto Federal de Ciência, Tecnologia e Educação do Piauí (IFPI) Campus Picos.","twitter_username":"RafaelR91697958","public_repos":15,"public_gists":0,"followers":6,"following":3,"created_at":"2018-06-04T16:38:29Z","updated_at":"2021-07-13T22:48:08Z","private_gists":0,"total_private_repos":0,"owned_private_repos":0,"disk_usage":25502,"collaborators":0,"two_factor_authentication":false,"plan":{"name":"free","space":976562499,"collaborators":0,"private_repos":10000}}
[info] 
[info] +  Success! Logged into GitHub as rafaelramos64 
[info] 
[debug] [2021-07-18T00:38:40.662Z] >>> [apiv2][query] GET https://api.github.com/repos/https://github.com/rafaelramos64/desafio-criptonomia/actions/secrets/public-key type=owner
[debug] [2021-07-18T00:38:41.054Z] <<< [apiv2][status] GET https://api.github.com/repos/https://github.com/rafaelramos64/desafio-criptonomia/actions/secrets/public-key 404
[debug] [2021-07-18T00:38:41.054Z] <<< [apiv2][body] GET https://api.github.com/repos/https://github.com/rafaelramos64/desafio-criptonomia/actions/secrets/public-key {"message":"Not Found","documentation_url":"https://docs.github.com/rest"}
